<?xml version="1.0" encoding="UTF-8"?>
<!-- Generated by org.testng.reporters.JUnitXMLReporter -->
<testsuite hostname="CHETAN-PC" ignored="0" name="Utility Tests" tests="10" failures="0" timestamp="01 Sep 2018 12:34:53 GMT" time="108.282" errors="0">
  <testcase name="getButtons" time="23.957" classname="com.mycompany.app.MyUtility"/>
  <testcase name="getCheckBoxes" time="10.157" classname="com.mycompany.app.MyUtility"/>
  <testcase name="getDropDowns" time="10.022" classname="com.mycompany.app.MyUtility"/>
  <testcase name="getForms" time="0.141" classname="com.mycompany.app.MyUtility"/>
  <testcase name="getFrames" time="10.045" classname="com.mycompany.app.MyUtility"/>
  <testcase name="getImages" time="2.92" classname="com.mycompany.app.MyUtility"/>
  <testcase name="getLinks" time="1.569" classname="com.mycompany.app.MyUtility"/>
  <testcase name="getRadioButtons" time="10.05" classname="com.mycompany.app.MyUtility"/>
  <testcase name="getTables" time="0.123" classname="com.mycompany.app.MyUtility"/>
  <testcase name="getTextboxes" time="0.163" classname="com.mycompany.app.MyUtility"/>
</testsuite> <!-- Utility Tests -->
