<?xml version="1.0" encoding="UTF-8"?>
<!-- Generated by org.testng.reporters.JUnitXMLReporter -->
<testsuite hostname="CHETAN-PC" ignored="0" name="Default test" tests="3" failures="0" timestamp="01 Sep 2018 11:18:24 GMT" time="33.041" errors="0">
  <testcase name="getButtons" time="10.095" classname="com.mycompany.app.MyUtility"/>
  <testcase name="getLinks" time="0.535" classname="com.mycompany.app.MyUtility"/>
  <testcase name="getTextboxes" time="10.053" classname="com.mycompany.app.MyUtility"/>
</testsuite> <!-- Default test -->
